Log file open, 02/11/18 01:28:13
LogWindows: Failed to load 'aqProf.dll' (GetLastError=126)
LogWindows: File 'aqProf.dll' does not exist
LogWindows: Failed to load 'VSPerf140.dll' (GetLastError=126)
LogWindows: File 'VSPerf140.dll' does not exist
LogWindows: Failed to load 'VtuneApi.dll' (GetLastError=126)
LogWindows: File 'VtuneApi.dll' does not exist
LogWindows: Failed to load 'VtuneApi32e.dll' (GetLastError=126)
LogWindows: File 'VtuneApi32e.dll' does not exist
LogInit: Display: Running engine for game: BuildingEscape
LogPlatformFile: Not using cached read wrapper
LogInit: Display: RandInit(1542261952) SRandInit(1542261952).
LogTaskGraph: Started task graph with 5 named threads and 14 total threads with 3 sets of task threads.
LogStats: Stats thread started at 0.200506
LogD3D11RHI: Aftermath initialized
LogPluginManager: Mounting plugin Paper2D
LogPluginManager: Mounting plugin LightPropagationVolume
LogPluginManager: Mounting plugin CodeLiteSourceCodeAccess
LogPluginManager: Mounting plugin GitSourceControl
LogPluginManager: Mounting plugin KDevelopSourceCodeAccess
LogPluginManager: Mounting plugin NullSourceCodeAccess
LogPluginManager: Mounting plugin PerforceSourceControl
LogPluginManager: Mounting plugin SubversionSourceControl
LogPluginManager: Mounting plugin UObjectPlugin
LogPluginManager: Mounting plugin VisualStudioSourceCodeAccess
LogPluginManager: Mounting plugin XCodeSourceCodeAccess
LogPluginManager: Mounting plugin AssetManagerEditor
LogPluginManager: Mounting plugin AudioCapture
LogPluginManager: Mounting plugin FacialAnimation
LogPluginManager: Mounting plugin GameplayTagsEditor
LogPluginManager: Mounting plugin MobileLauncherProfileWizard
LogPluginManager: Mounting plugin PluginBrowser
LogPluginManager: Mounting plugin SpeedTreeImporter
LogPluginManager: Mounting plugin AlembicImporter
LogPluginManager: Mounting plugin CharacterAI
LogPluginManager: Mounting plugin HTML5Networking
LogPluginManager: Mounting plugin AndroidMedia
LogPluginManager: Mounting plugin AvfMedia
LogPluginManager: Mounting plugin MediaPlayerEditor
LogPluginManager: Mounting plugin WmfMedia
LogPluginManager: Mounting plugin TcpMessaging
LogPluginManager: Mounting plugin UdpMessaging
LogPluginManager: Mounting plugin LevelSequenceEditor
LogPluginManager: Mounting plugin MatineeToLevelSequence
LogPluginManager: Mounting plugin OnlineSubsystemGooglePlay
LogPluginManager: Mounting plugin OnlineSubsystemIOS
LogPluginManager: Mounting plugin OnlineSubsystem
LogPluginManager: Mounting plugin OnlineSubsystemNull
LogPluginManager: Mounting plugin OnlineSubsystemUtils
LogPluginManager: Mounting plugin AndroidDeviceProfileSelector
LogPluginManager: Mounting plugin AndroidMoviePlayer
LogPluginManager: Mounting plugin AndroidPermission
LogPluginManager: Mounting plugin AppleMoviePlayer
LogPluginManager: Mounting plugin ArchVisCharacter
LogPluginManager: Mounting plugin CableComponent
LogPluginManager: Mounting plugin CustomMeshComponent
LogPluginManager: Mounting plugin ExampleDeviceProfileSelector
LogPluginManager: Mounting plugin GoogleCloudMessaging
LogPluginManager: Mounting plugin ImmediatePhysics
LogPluginManager: Mounting plugin IOSDeviceProfileSelector
LogPluginManager: Mounting plugin LinuxDeviceProfileSelector
LogPluginManager: Mounting plugin LocationServicesBPLibrary
LogPluginManager: Mounting plugin MobilePatchingUtils
LogPluginManager: Mounting plugin OculusVR
LogPluginManager: Mounting plugin PhysXVehicles
LogPluginManager: Mounting plugin ProceduralMeshComponent
LogPluginManager: Mounting plugin RuntimePhysXCooking
LogPluginManager: Mounting plugin SteamVR
LogPluginManager: Mounting plugin WindowsMoviePlayer
LogInit: Using libcurl 7.47.1
LogInit:  - built for x86_64-pc-win32
LogInit:  - supports SSL with OpenSSL/1.0.2g
LogInit:  - supports HTTP deflate (compression) using libz 1.2.8
LogInit:  - other features:
LogInit:      CURL_VERSION_SSL
LogInit:      CURL_VERSION_LIBZ
LogInit:      CURL_VERSION_IPV6
LogInit:      CURL_VERSION_ASYNCHDNS
LogInit:      CURL_VERSION_LARGEFILE
LogInit:      CURL_VERSION_IDN
LogInit:  CurlRequestOptions (configurable via config and command line):
LogInit:  - bVerifyPeer = false  - Libcurl will NOT verify peer certificate
LogInit:  - bUseHttpProxy = false  - Libcurl will NOT use HTTP proxy
LogInit:  - bDontReuseConnections = false  - Libcurl will reuse connections
LogInit:  - CertBundlePath = nullptr  - Libcurl will use whatever was configured at build time.
LogInit: Build: ++UE4+Release-4.17-CL-3658906
LogInit: Engine Version: 4.17.2-3658906+++UE4+Release-4.17
LogInit: Compatible Engine Version: 4.17.0-3573198+++UE4+Release-4.17
LogInit: Net CL: 3573198
LogDevObjectVersion: Number of dev versions registered: 16
LogDevObjectVersion:   Dev-Blueprints (B0D832E4-1F89-4F0D-ACCF-7EB736FD4AA2): 10
LogDevObjectVersion:   Dev-Build (E1C64328-A22C-4D53-A36C-8E866417BD8C): 0
LogDevObjectVersion:   Dev-Core (375EC13C-06E4-48FB-B500-84F0262A717E): 2
LogDevObjectVersion:   Dev-Editor (E4B068ED-F494-42E9-A231-DA0B2E46BB41): 20
LogDevObjectVersion:   Dev-Framework (CFFC743F-43B0-4480-9391-14DF171D2073): 28
LogDevObjectVersion:   Dev-Mobile (B02B49B5-BB20-44E9-A304-32B752E40360): 0
LogDevObjectVersion:   Dev-Networking (A4E4105C-59A1-49B5-A7C5-40C4547EDFEE): 0
LogDevObjectVersion:   Dev-Online (39C831C9-5AE6-47DC-9A44-9C173E1C8E7C): 0
LogDevObjectVersion:   Dev-Physics (78F01B33-EBEA-4F98-B9B4-84EACCB95AA2): 0
LogDevObjectVersion:   Dev-Platform (6631380F-2D4D-43E0-8009-CF276956A95A): 0
LogDevObjectVersion:   Dev-Rendering (12F88B9F-8875-4AFC-A67C-D90C383ABD29): 19
LogDevObjectVersion:   Dev-Sequencer (7B5AE74C-D270-4C10-A958-57980B212A5A): 4
LogDevObjectVersion:   Dev-VR (D7296918-1DD6-4BDD-9DE2-64A83CC13884): 0
LogDevObjectVersion:   Dev-LoadTimes (C2A15278-BFE7-4AFE-6C17-90FF531DF755): 1
LogDevObjectVersion:   Private-Geometry (6EACA3D4-40EC-4CC1-B786-8BED09428FC5): 1
LogDevObjectVersion:   Dev-AnimPhys (29E575DD-E0A3-4627-9D10-D276232CDCEA): 7
LogInit: Compiled (64-bit): Sep 22 2017 13:47:16
LogInit: Compiled with Visual C++: 19.00.24215.01
LogInit: Build Configuration: Development
LogInit: Branch Name: ++UE4+Release-4.17
LogInit: Command line: 
LogInit: Base directory: C:/Program Files/Epic Games/UE_4.17/Engine/Binaries/Win64/
LogInit: Installed Engine Build: 1
LogInit: Presizing for max 8388607 objects, including 0 objects not considered by GC, pre-allocating 0 bytes for permanent pool.
LogInit: Object subsystem initialized
[2018.02.11-06.28.14:610][  0]LogInit: Selected Device Profile: [Windows]
[2018.02.11-06.28.14:610][  0]LogInit: Applying CVar settings loaded from the selected device profile: [Windows]
[2018.02.11-06.28.14:636][  0]LogInit: Computer: DESKTOP-96PDNK4
[2018.02.11-06.28.14:636][  0]LogInit: User: kccol
[2018.02.11-06.28.14:636][  0]LogInit: CPU Page size=4096, Cores=4
[2018.02.11-06.28.14:636][  0]LogInit: High frequency timer resolution =3.914069 MHz
[2018.02.11-06.28.14:637][  0]LogMemory: Memory total: Physical=16.0GB (16GB approx)
[2018.02.11-06.28.14:637][  0]LogMemory: Platform Memory Stats for Windows
[2018.02.11-06.28.14:637][  0]LogMemory: Process Physical Memory: 279.11 MB used, 279.11 MB peak
[2018.02.11-06.28.14:637][  0]LogMemory: Process Virtual Memory: 282.64 MB used, 282.64 MB peak
[2018.02.11-06.28.14:637][  0]LogMemory: Physical Memory: 5863.13 MB used,  10473.10 MB free, 16336.23 MB total
[2018.02.11-06.28.14:637][  0]LogMemory: Virtual Memory: 715.18 MB used,  10473.10 MB free, 134217728.00 MB total
[2018.02.11-06.28.15:072][  0]LogInit: Using OS detected language (en-US).
[2018.02.11-06.28.15:072][  0]LogInit: Using OS detected locale (en-US).
[2018.02.11-06.28.15:122][  0]LogTextLocalizationManager: No specific localization for 'en-US' exists, so the 'en' localization will be used.
[2018.02.11-06.28.17:609][  0]LogD3D11RHI: D3D11 adapters:
[2018.02.11-06.28.17:756][  0]LogD3D11RHI:    0. 'NVIDIA GeForce GTX 1080 Ti' (Feature Level 11_0)
[2018.02.11-06.28.17:756][  0]LogD3D11RHI:       11132/0/8168 MB DedicatedVideo/DedicatedSystem/SharedSystem, Outputs:2, VendorId:0x10de
[2018.02.11-06.28.17:759][  0]LogD3D11RHI:    1. 'Microsoft Basic Render Driver' (Feature Level 11_0)
[2018.02.11-06.28.17:759][  0]LogD3D11RHI:       0/0/8168 MB DedicatedVideo/DedicatedSystem/SharedSystem, Outputs:0, VendorId:0x1414
[2018.02.11-06.28.17:759][  0]LogD3D11RHI: Chosen D3D11 Adapter: 0
[2018.02.11-06.28.17:765][  0]LogD3D11RHI: Creating new Direct3DDevice
[2018.02.11-06.28.17:765][  0]LogD3D11RHI:     GPU DeviceId: 0x1b06 (for the marketing name, search the web for "GPU Device Id")
[2018.02.11-06.28.17:765][  0]LogWindows: EnumDisplayDevices:
[2018.02.11-06.28.17:765][  0]LogWindows:    0. 'NVIDIA GeForce GTX 1080 Ti' (P:0 D:1)
[2018.02.11-06.28.17:766][  0]LogWindows:    1. 'NVIDIA GeForce GTX 1080 Ti' (P:1 D:1)
[2018.02.11-06.28.17:766][  0]LogWindows:    2. 'NVIDIA GeForce GTX 1080 Ti' (P:0 D:0)
[2018.02.11-06.28.17:766][  0]LogWindows:    3. 'NVIDIA GeForce GTX 1080 Ti' (P:0 D:0)
[2018.02.11-06.28.17:766][  0]LogWindows: DebugString: GetVideoDriverDetailsInvalid PrimaryIsNotTheChoosenAdapter GetVideoDriverDetailsInvalid PrimaryIsNotTheChoosenAdapter GetVideoDriverDetailsInvalid PrimaryIsNotTheChoosenAdapter GetVideoDriverDetailsInvalid PrimaryIsNotTheChoosenAdapter FoundDriverCount:0 
[2018.02.11-06.28.17:766][  0]LogD3D11RHI:     Adapter Name: NVIDIA GeForce GTX 1080 Ti
[2018.02.11-06.28.17:766][  0]LogD3D11RHI:   Driver Version: Unknown (internal:Unknown, unified:Unknown)
[2018.02.11-06.28.17:766][  0]LogD3D11RHI:      Driver Date: Unknown
[2018.02.11-06.28.17:766][  0]LogRHI: Texture pool is 1361 MB (70% of 1945 MB)
[2018.02.11-06.28.17:788][  0]LogD3D11RHI: Async texture creation enabled
[2018.02.11-06.28.17:852][  0]LogD3D11RHI: GPU Timing Frequency: 1000.000000 (Debug: 2 1)
[2018.02.11-06.28.17:943][  0]LogShaderCompilers: Guid format shader working directory is -35 characters bigger than the processId version (../../../../../../Users/kccol/Documents/Unreal Projects/Section_03/BuildingEscape/Intermediate/Shaders/WorkingDirectory/3680/).
[2018.02.11-06.28.17:944][  0]LogShaderCompilers: Cleaned the shader compiler working directory 'C:/Users/kccol/AppData/Local/Temp/UnrealShaderWorkingDir/C41E0CC14EF25802557F0D98C31F4030/'.
[2018.02.11-06.28.17:944][  0]LogShaderCompilers: Display: Using Local Shader Compiler.
[2018.02.11-06.28.19:759][  0]LogTemp: Display: Loaded TP AllDesktopTargetPlatform
[2018.02.11-06.28.19:827][  0]LogTemp: Display: Loaded TP MacClientTargetPlatform
[2018.02.11-06.28.19:885][  0]LogTemp: Display: Loaded TP MacNoEditorTargetPlatform
[2018.02.11-06.28.19:943][  0]LogTemp: Display: Loaded TP MacServerTargetPlatform
[2018.02.11-06.28.20:006][  0]LogTemp: Display: Loaded TP MacTargetPlatform
[2018.02.11-06.28.20:066][  0]LogTemp: Display: Loaded TP WindowsClientTargetPlatform
[2018.02.11-06.28.20:123][  0]LogTemp: Display: Loaded TP WindowsNoEditorTargetPlatform
[2018.02.11-06.28.20:179][  0]LogTemp: Display: Loaded TP WindowsServerTargetPlatform
[2018.02.11-06.28.20:254][  0]LogTemp: Display: Loaded TP WindowsTargetPlatform
[2018.02.11-06.28.20:333][  0]LogTemp: Display: Loaded TP AndroidTargetPlatform
[2018.02.11-06.28.20:415][  0]LogTemp: Display: Loaded TP Android_ASTCTargetPlatform
[2018.02.11-06.28.20:486][  0]LogTemp: Display: Loaded TP Android_ATCTargetPlatform
[2018.02.11-06.28.20:544][  0]LogTemp: Display: Loaded TP Android_DXTTargetPlatform
[2018.02.11-06.28.20:604][  0]LogTemp: Display: Loaded TP Android_ETC1TargetPlatform
[2018.02.11-06.28.20:674][  0]LogTemp: Display: Loaded TP Android_ETC2TargetPlatform
[2018.02.11-06.28.20:823][  0]LogTemp: Display: Loaded TP Android_MultiTargetPlatform
[2018.02.11-06.28.20:823][  0]LogTemp: Display: Loaded TP Android_PVRTCTargetPlatform
[2018.02.11-06.28.20:881][  0]LogTemp: Display: Loaded TP HTML5TargetPlatform
[2018.02.11-06.28.21:027][  0]LogTemp: Display: Loaded TP IOSTargetPlatform
[2018.02.11-06.28.21:068][  0]LogTemp: Display: Loaded TP TVOSTargetPlatform
[2018.02.11-06.28.21:142][  0]LogTemp: Display: Loaded TP LinuxClientTargetPlatform
[2018.02.11-06.28.21:201][  0]LogTemp: Display: Loaded TP LinuxNoEditorTargetPlatform
[2018.02.11-06.28.21:262][  0]LogTemp: Display: Loaded TP LinuxServerTargetPlatform
[2018.02.11-06.28.21:322][  0]LogTemp: Display: Loaded TP LinuxTargetPlatform
[2018.02.11-06.28.21:322][  0]LogTargetPlatformManager: Display: Building Assets For Windows
[2018.02.11-06.28.22:241][  0]LogDerivedDataCache: Display: Max Cache Size: 512 MB
[2018.02.11-06.28.22:357][  0]LogDerivedDataCache: Loaded boot cache 0.12s 93MB C:/Users/kccol/AppData/Local/UnrealEngine/4.17/DerivedDataCache/Boot.ddc.
[2018.02.11-06.28.22:358][  0]LogDerivedDataCache: Display: Loaded Boot cache: C:/Users/kccol/AppData/Local/UnrealEngine/4.17/DerivedDataCache/Boot.ddc
[2018.02.11-06.28.22:358][  0]LogDerivedDataCache: FDerivedDataBackendGraph:  Pak pak cache file ../../../../../../Users/kccol/Documents/Unreal Projects/Section_03/BuildingEscape/DerivedDataCache/DDC.ddp not found, will not use a pak cache.
[2018.02.11-06.28.22:358][  0]LogDerivedDataCache: Unable to find inner node Pak for hierarchical cache Hierarchy.
[2018.02.11-06.28.22:358][  0]LogDerivedDataCache: FDerivedDataBackendGraph:  CompressedPak pak cache file ../../../../../../Users/kccol/Documents/Unreal Projects/Section_03/BuildingEscape/DerivedDataCache/Compressed.ddp not found, will not use a pak cache.
[2018.02.11-06.28.22:358][  0]LogDerivedDataCache: Unable to find inner node CompressedPak for hierarchical cache Hierarchy.
[2018.02.11-06.28.22:382][  0]LogDerivedDataCache: Display: Pak cache opened for reading ../../../Engine/DerivedDataCache/Compressed.ddp.
[2018.02.11-06.28.22:395][  0]LogDerivedDataCache: Using Local data cache path C:/Users/kccol/AppData/Local/UnrealEngine/Common/DerivedDataCache: Writable
[2018.02.11-06.28.22:409][  0]LogMaterial: Verifying Global Shaders for PCD3D_SM5
[2018.02.11-06.28.22:410][  0]LogSlate: Using Freetype 2.6.0
[2018.02.11-06.28.22:432][  0]LogSlate: SlateFontCache - WITH_FREETYPE: 1, WITH_HARFBUZZ: 1
[2018.02.11-06.28.22:432][  0]LogSlate: SlateFontCache - WITH_FREETYPE: 1, WITH_HARFBUZZ: 1
[2018.02.11-06.28.23:019][  0]LogAssetRegistry: FAssetRegistry took 0.0252 seconds to start up
[2018.02.11-06.28.23:162][  0]LogInit: Selected Device Profile: [Windows]
[2018.02.11-06.28.23:438][  0]LogContentStreaming: Texture pool size is 0.00 MB
[2018.02.11-06.28.23:920][  0]LogSimplygon: Simplygon DLL not present - disabling.
[2018.02.11-06.28.23:976][  0]LogMeshReduction: Using SimplygonSwarm for distributed automatic mesh merging
[2018.02.11-06.28.23:976][  0]LogMeshReduction: Using QuadricMeshReduction for automatic static mesh reduction
[2018.02.11-06.28.23:976][  0]LogMeshReduction: No automatic skeletal mesh reduction module available
[2018.02.11-06.28.23:976][  0]LogMeshReduction: No automatic mesh merging module available
[2018.02.11-06.28.23:976][  0]LogMeshMerging: No automatic mesh merging module available
[2018.02.11-06.28.24:484][  0]LogNetVersion: BuildingEscape , NetCL: 3573198, EngineNetVer: 2, GameNetVer: 0 (Checksum: 3580536536)
[2018.02.11-06.28.24:837][  0]LogPackageLocalizationCache: Processed 5 localized package path(s) for 2 prioritized culture(s) in 0.092688 seconds
[2018.02.11-06.28.24:845][  0]LogUObjectArray: 35825 objects as part of root set at end of initial load.
[2018.02.11-06.28.24:845][  0]LogUObjectAllocator: 7529112 out of 0 bytes used by permanent object pool.
[2018.02.11-06.28.24:845][  0]LogUObjectArray: CloseDisregardForGC: 0/0 objects in disregard for GC pool
[2018.02.11-06.28.24:932][  0]LogInit: WinSock: version 1.1 (2.2), MaxSocks=32767, MaxUdp=65467
[2018.02.11-06.28.30:987][  0]LogTcpMessaging: Initializing TcpMessaging bridge
[2018.02.11-06.28.31:037][  0]LogUdpMessaging: Initializing bridge on interface 0.0.0.0:0 to multicast group 230.0.0.1:6666.
[2018.02.11-06.28.31:959][  0]LogMaterial: Uniform references updated for custom material expression Custom.
[2018.02.11-06.28.32:405][  0]SourceControl: Source control is disabled
[2018.02.11-06.28.32:405][  0]SourceControl: Source control is disabled
[2018.02.11-06.28.32:470][  0]SourceControl: Source control is disabled
[2018.02.11-06.28.32:535][  0]SourceControl: Source control is disabled
[2018.02.11-06.28.33:287][  0]LogAndroidPermission: UAndroidPermissionCallbackProxy::GetInstance
[2018.02.11-06.28.33:576][  0]LogOcInput: OculusInput pre-init called
[2018.02.11-06.28.33:872][  0]LogEngine: Initializing Engine...
[2018.02.11-06.28.33:874][  0]LogHMD: Failed to initialize OpenVR with code 110
[2018.02.11-06.28.34:059][  0]LogStats: UGameplayTagsManager::ConstructGameplayTagTree: Construct from data asset -  0.000 s
[2018.02.11-06.28.34:060][  0]LogStats: UGameplayTagsManager::ConstructGameplayTagTree: GameplayTagTreeChangedEvent.Broadcast -  0.000 s
[2018.02.11-06.28.34:195][  0]LogAIModule: Creating AISystem for world Untitled
[2018.02.11-06.28.34:237][  0]LogInit: XAudio2 using 'Speakers (Sound Blaster Recon3Di)' : 2 channels at 48 kHz using 32 bits per sample (channel mask 0x3)
[2018.02.11-06.28.34:259][  0]LogInit: FAudioDevice initialized.
[2018.02.11-06.28.34:341][  0]LogDerivedDataCache: Saved boot cache 0.08s 93MB C:/Users/kccol/AppData/Local/UnrealEngine/4.17/DerivedDataCache/Boot.ddc.
[2018.02.11-06.28.34:356][  0]LogInit: Texture streaming: Enabled
[2018.02.11-06.28.34:528][  0]LogEngineSessionManager: EngineSessionManager initialized
[2018.02.11-06.28.34:933][  0]LogInit: Transaction tracking system initialized
[2018.02.11-06.28.35:366][  0]BlueprintLog: New page: Editor Load
[2018.02.11-06.28.36:597][  0]LocalizationService: Localization service is disabled
[2018.02.11-06.28.37:549][  0]LogConsoleResponse: Display: 
[2018.02.11-06.28.37:736][  0]LogCook: Display: Max memory allowance for cook 16384mb min free memory 0mb
[2018.02.11-06.28.37:736][  0]LogCook: Display: Mobile HDR setting 1
[2018.02.11-06.28.37:736][  0]LogGameplayTags: Display: UGameplayTagsManager::DoneAddingNativeTags. DelegateIsBound: 0
[2018.02.11-06.28.38:497][  0]LogFileCache: Scanning file cache for directory 'C:/Users/kccol/Documents/Unreal Projects/Section_03/BuildingEscape/Content/' took 0.02s
[2018.02.11-06.28.39:189][  0]SourceControl: Source control is disabled
[2018.02.11-06.28.39:189][  0]Cmd: MAP LOAD FILE="../../../../../../Users/kccol/Documents/Unreal Projects/Section_03/BuildingEscape/Content/NewMap.umap" TEMPLATE=0 SHOWPROGRESS=1 FEATURELEVEL=3
[2018.02.11-06.28.39:190][  0]LightingResults: New page: Lighting Build
[2018.02.11-06.28.39:235][  0]MapCheck: New page: Map Check
[2018.02.11-06.28.39:235][  0]LightingResults: New page: Lighting Build
[2018.02.11-06.28.39:474][  0]LogTexture: Display: Building textures: ShadowMapTexture2D_9 (G8, 32X32)
[2018.02.11-06.28.39:474][  0]LogTexture: Display: Building textures: LQ_Lightmap_0_2 (DXT1, 64X64)
[2018.02.11-06.28.39:474][  0]LogTexture: Display: Building textures: HQ_Lightmap0_2 (AutoDXT, 64X64)
[2018.02.11-06.28.39:474][  0]LogTexture: Display: Building textures: ShadowMapTexture2D_8 (G8, 1024X256)
[2018.02.11-06.28.39:474][  0]LogTexture: Display: Building textures: LQ_Lightmap_0_1 (DXT1, 1024X1024)
[2018.02.11-06.28.39:474][  0]LogTexture: Display: Building textures: HQ_Lightmap0_1 (AutoDXT, 1024X1024)
[2018.02.11-06.28.39:605][  0]LogAIModule: Creating AISystem for world NewMap
[2018.02.11-06.28.39:611][  0]LogEditorServer: Finished looking for orphan Actors (0.000 secs)
[2018.02.11-06.28.39:624][  0]Cmd: MAP CHECKDEP NOCLEARLOG
[2018.02.11-06.28.39:684][  0]MapCheck: Map check complete: 0 Error(s), 0 Warning(s), took 60.043ms to complete.
[2018.02.11-06.28.39:684][  0]LogFileHelpers: Loading map 'NewMap' took 0.495
[2018.02.11-06.28.39:968][  0]LogCollectionManager: Loaded 0 collections in 0.001322 seconds
[2018.02.11-06.28.40:071][  0]LogFileCache: Scanning file cache for directory 'C:/Users/kccol/Documents/Unreal Projects/Section_03/BuildingEscape/Saved/Collections/' took 0.01s
[2018.02.11-06.28.40:071][  0]LogFileCache: Scanning file cache for directory 'C:/Users/kccol/Documents/Unreal Projects/Section_03/BuildingEscape/Content/Developers/kccol/Collections/' took 0.01s
[2018.02.11-06.28.40:071][  0]LogFileCache: Scanning file cache for directory 'C:/Users/kccol/Documents/Unreal Projects/Section_03/BuildingEscape/Content/Collections/' took 0.01s
[2018.02.11-06.28.40:071][  0]LogCollectionManager: Rebuilt the GUID cache for 0 collections in 0.000001 seconds
[2018.02.11-06.28.40:082][  0]LogContentBrowser: Native class hierarchy populated in 0.0108 seconds. Added 2390 classes and 504 folders.
[2018.02.11-06.28.40:141][  0]LogContentBrowser: Native class hierarchy updated for 'WidgetCarousel' in 0.0011 seconds. Added 0 classes and 0 folders.
[2018.02.11-06.28.40:469][  0]LogContentBrowser: Native class hierarchy updated for 'AddContentDialog' in 0.0011 seconds. Added 0 classes and 0 folders.
[2018.02.11-06.28.40:496][  0]LogSlate: Took 0.004836 seconds to synchronously load lazily loaded font '../../../Engine/Content/Slate/Fonts/Roboto-Regular.ttf' (155K)
[2018.02.11-06.28.40:505][  0]LogSlate: Took 0.003975 seconds to synchronously load lazily loaded font '../../../Engine/Content/Slate/Fonts/Roboto-Bold.ttf' (160K)
[2018.02.11-06.28.40:513][  0]LogSlate: Took 0.004517 seconds to synchronously load lazily loaded font '../../../Engine/Content/Editor/Slate/Fonts/FontAwesome.ttf' (139K)
[2018.02.11-06.28.40:632][  0]LogRenderer: Reallocating scene render targets to support 1792x936 Format 10 NumSamples 1 (Frame:1).
[2018.02.11-06.28.40:848][  0]LogContentBrowser: Native class hierarchy updated for 'HierarchicalLODOutliner' in 0.0013 seconds. Added 1 classes and 2 folders.
[2018.02.11-06.28.40:848][  0]LogLoad: (Engine Initialization) Total time: 29.17 seconds
[2018.02.11-06.28.40:849][  0]LogLoad: (Engine Initialization) Total Blueprint compile time: 0.00 seconds
[2018.02.11-06.28.40:849][  0]LogExternalProfiler: No external profilers were discovered.  External profiling features will not be available.
[2018.02.11-06.28.41:204][  0]LogAssetRegistry: Asset discovery search completed in 18.2062 seconds
[2018.02.11-06.28.41:206][  0]LogCollectionManager: Rebuilt the object cache for 0 collections in 0.000001 seconds (found 0 objects)
[2018.02.11-06.28.41:206][  0]LogCollectionManager: Fixed up redirectors for 0 collections in 0.000077 seconds (updated 0 objects)
[2018.02.11-06.28.41:208][  0]LogContentStreaming: Texture pool size now 1000 MB
[2018.02.11-06.56.29:305][160]LogSlate: Took 0.005084 seconds to synchronously load lazily loaded font '../../../Engine/Content/Slate/Fonts/Roboto-Light.ttf' (159K)
[2018.02.11-06.56.29:363][160]LogContentBrowser: Native class hierarchy updated for 'MaterialEditor' in 0.0012 seconds. Added 1 classes and 0 folders.
[2018.02.11-06.56.29:365][160]LogMaterial: Missing cached shader map for material M_Brick_Clay_New, compiling. 
[2018.02.11-06.56.29:490][160]LogMaterial: Missing cached shader map for material M_Brick_Clay_New, compiling. 
[2018.02.11-06.56.29:529][160]LogMaterial: Missing cached shader map for material FMatExpressionPreview MaterialExpressionTextureSample_2, compiling. 
[2018.02.11-06.56.29:533][160]LogMaterial: Missing cached shader map for material FMatExpressionPreview MaterialExpressionTextureSample_31, compiling. 
[2018.02.11-06.56.29:536][160]LogMaterial: Missing cached shader map for material FMatExpressionPreview MaterialExpressionTextureSample_4, compiling. 
[2018.02.11-06.56.29:542][160]LogMaterial: Missing cached shader map for material FMatExpressionPreview MaterialExpressionBumpOffset_0, compiling. 
[2018.02.11-06.56.29:545][160]LogMaterial: Missing cached shader map for material FMatExpressionPreview MaterialExpressionTextureSample_5, compiling. 
[2018.02.11-06.56.29:549][160]LogMaterial: Missing cached shader map for material FMatExpressionPreview MaterialExpressionTextureSample_27, compiling. 
[2018.02.11-06.56.29:553][160]LogMaterial: Missing cached shader map for material FMatExpressionPreview MaterialExpressionTextureSample_28, compiling. 
[2018.02.11-06.56.29:557][160]LogMaterial: Missing cached shader map for material FMatExpressionPreview MaterialExpressionTextureSample_29, compiling. 
[2018.02.11-06.56.29:561][160]LogMaterial: Missing cached shader map for material FMatExpressionPreview MaterialExpressionTextureSample_32, compiling. 
[2018.02.11-06.56.29:565][160]LogMaterial: Missing cached shader map for material FMatExpressionPreview MaterialExpressionConstant3Vector_8, compiling. 
[2018.02.11-06.56.29:582][160]LogSlate: Took 0.005989 seconds to synchronously load lazily loaded font '../../../Engine/Content/Editor/Slate/Fonts/Roboto-BoldCondensed.ttf' (158K)
[2018.02.11-06.56.31:420][225]MaterialEditorStats: Base pass shader: 111 instructions
[2018.02.11-06.56.31:420][225]MaterialEditorStats: Vertex shader: 31 instructions
[2018.02.11-06.56.31:420][225]MaterialEditorStats: Texture samplers: 8/16
[2018.02.11-06.56.31:420][225]MaterialEditorStats: User interpolators: 2/4 Scalars (1/4 Vectors) (TexCoords: 2, Custom: 0)
[2018.02.11-06.57.49:715][615]Cmd: STAT FPS
[2018.02.11-06.58.07:066][583]LogSlate: Took 0.000185 seconds to synchronously load lazily loaded font '../../../Engine/Content/Slate/Fonts/Roboto-Light.ttf' (159K)
[2018.02.11-06.58.13:185][764]LogEditorViewport: Clicking on Actor (LMB): StaticMeshActor (Floor)
[2018.02.11-06.58.16:260][834]LogSavePackage: Save=38.65ms
[2018.02.11-06.58.16:261][834]LogSavePackage: Moving '../../../../../../Users/kccol/Documents/Unreal Projects/Section_03/BuildingEscape/Saved/NewMap_Auto1C66E22834AE80856CBCEF58D6C10CAE4.tmp' to '../../../../../../Users/kccol/Documents/Unreal Projects/Section_03/BuildingEscape/Saved/Autosaves/Game/NewMap_Auto1.umap'
[2018.02.11-06.58.16:264][834]LogSavePackage: Display: Finished SavePackage ../../../../../../Users/kccol/Documents/Unreal Projects/Section_03/BuildingEscape/Saved/Autosaves/Game/NewMap_Auto1.umap
[2018.02.11-06.58.16:269][834]LogFileHelpers: Editor autosave (incl. sublevels) for '/Game/NewMap' took 0.100
[2018.02.11-06.58.16:270][834]LogFileHelpers: Editor autosave (incl. sublevels) for all levels took 0.100
[2018.02.11-06.59.11:439][115]LogContentBrowser: Native class hierarchy updated for 'TextureEditor' in 0.0012 seconds. Added 1 classes and 2 folders.
[2018.02.11-07.01.20:534][954]LogEditorViewport: Clicking on Actor (LMB): StaticMeshActor (SM_Chair)
[2018.02.11-07.01.40:682][549]LogMaterial: Missing cached shader map for material M_Chair, compiling. 
[2018.02.11-07.01.40:764][549]LogMaterial: Missing cached shader map for material M_Chair, compiling. 
[2018.02.11-07.01.40:779][549]LogMaterial: Missing cached shader map for material M_Chair, compiling. 
[2018.02.11-07.01.40:823][549]LogMaterial: Missing cached shader map for material FMatExpressionPreview MaterialExpressionTextureSample_3, compiling. 
[2018.02.11-07.01.40:827][549]LogMaterial: Missing cached shader map for material FMatExpressionPreview MaterialExpressionTextureSample_2, compiling. 
[2018.02.11-07.01.40:832][549]LogMaterial: Missing cached shader map for material FMatExpressionPreview MaterialExpressionVectorParameter_4, compiling. 
[2018.02.11-07.01.40:836][549]LogMaterial: Missing cached shader map for material FMatExpressionPreview MaterialExpressionVectorParameter_2, compiling. 
[2018.02.11-07.01.40:840][549]LogMaterial: Missing cached shader map for material FMatExpressionPreview MaterialExpressionVectorParameter_3, compiling. 
[2018.02.11-07.01.42:022][578]LogSlate: Took 0.004994 seconds to synchronously load lazily loaded font '../../../Engine/Content/Editor/Slate/Fonts/Roboto-Italic.ttf' (157K)
[2018.02.11-07.01.42:455][593]MaterialEditorStats: Base pass shader: 101 instructions
[2018.02.11-07.01.42:455][593]MaterialEditorStats: Vertex shader: 31 instructions
[2018.02.11-07.01.42:455][593]MaterialEditorStats: Texture samplers: 5/16
[2018.02.11-07.01.42:455][593]MaterialEditorStats: User interpolators: 2/4 Scalars (1/4 Vectors) (TexCoords: 2, Custom: 0)
[2018.02.11-07.02.37:812][388]LogMaterial: Missing cached shader map for material M_Chair, compiling. 
[2018.02.11-07.02.37:827][388]LogMaterial: Missing cached shader map for material FMatExpressionPreview MaterialExpressionVectorParameter_4, compiling. 
[2018.02.11-07.02.38:615][411]LogMaterial: Missing cached shader map for material M_Chair, compiling. 
[2018.02.11-07.02.38:637][411]LogMaterial: Missing cached shader map for material FMatExpressionPreview MaterialExpressionVectorParameter_4, compiling. 
[2018.02.11-07.02.40:043][459]MaterialEditorStats: Base pass shader: 101 instructions
[2018.02.11-07.02.40:043][459]MaterialEditorStats: Vertex shader: 31 instructions
[2018.02.11-07.02.40:043][459]MaterialEditorStats: Texture samplers: 5/16
[2018.02.11-07.02.40:043][459]MaterialEditorStats: User interpolators: 2/4 Scalars (1/4 Vectors) (TexCoords: 2, Custom: 0)
[2018.02.11-07.02.51:918][  2]LogMaterial: Missing cached shader map for material M_Chair, compiling. 
[2018.02.11-07.02.51:931][  2]LogMaterial: Missing cached shader map for material FMatExpressionPreview MaterialExpressionVectorParameter_4, compiling. 
[2018.02.11-07.02.53:944][ 51]MaterialEditorStats: Base pass shader: 101 instructions
[2018.02.11-07.02.53:944][ 51]MaterialEditorStats: Vertex shader: 31 instructions
[2018.02.11-07.02.53:944][ 51]MaterialEditorStats: Texture samplers: 5/16
[2018.02.11-07.02.53:944][ 51]MaterialEditorStats: User interpolators: 2/4 Scalars (1/4 Vectors) (TexCoords: 2, Custom: 0)
[2018.02.11-07.02.58:350][ 67]LogMaterial: Missing cached shader map for material M_Chair, compiling. 
[2018.02.11-07.02.58:368][ 67]LogMaterial: Missing cached shader map for material FMatExpressionPreview MaterialExpressionVectorParameter_4, compiling. 
[2018.02.11-07.02.59:683][119]MaterialEditorStats: Base pass shader: 101 instructions
[2018.02.11-07.02.59:683][119]MaterialEditorStats: Vertex shader: 31 instructions
[2018.02.11-07.02.59:683][119]MaterialEditorStats: Texture samplers: 5/16
[2018.02.11-07.02.59:683][119]MaterialEditorStats: User interpolators: 2/4 Scalars (1/4 Vectors) (TexCoords: 2, Custom: 0)
[2018.02.11-07.03.19:169][882]LogMaterialEditor: Saving and Compiling material M_Chair
[2018.02.11-07.03.19:582][882]LogMaterial: Missing cached shader map for material M_Chair, compiling. 
[2018.02.11-07.03.19:643][882]LogMaterial: Missing cached shader map for material M_Chair, compiling. 
[2018.02.11-07.03.19:681][882]LogMaterial: Missing cached shader map for material M_Chair, compiling. 
[2018.02.11-07.03.19:721][882]LogMaterial: Missing cached shader map for material FDebugViewModeMaterialProxy M_Chair, compiling. 
[2018.02.11-07.03.20:674][882]TextureStreamingBuild: Display: Compiling optional shaders took 0.959 seconds.
[2018.02.11-07.03.22:635][882]LogSlate: Took 0.000154 seconds to synchronously load lazily loaded font '../../../Engine/Content/Slate/Fonts/Roboto-Regular.ttf' (155K)
[2018.02.11-07.03.22:697][882]LogSavePackage: Save=20.87ms
[2018.02.11-07.03.22:697][882]LogSavePackage: Moving '../../../../../../Users/kccol/Documents/Unreal Projects/Section_03/BuildingEscape/Saved/M_ChairE7913BF14D95C75C0FA43FA249D51E73.tmp' to '../../../../../../Users/kccol/Documents/Unreal Projects/Section_03/BuildingEscape/Content/StarterContent/Props/Materials/M_Chair.uasset'
[2018.02.11-07.03.22:704][882]LogSavePackage: Display: Finished SavePackage ../../../../../../Users/kccol/Documents/Unreal Projects/Section_03/BuildingEscape/Content/StarterContent/Props/Materials/M_Chair.uasset
[2018.02.11-07.03.36:526][884]LogEditorViewport: Clicking on Actor (LMB): StaticMeshActor (Wall_400x309)
[2018.02.11-07.03.38:144][ 46]LogEditorViewport: Clicking on Actor (LMB): StaticMeshActor (Wall_400x308)
[2018.02.11-07.03.39:013][141]LogEditorViewport: Clicking on Actor (LMB): StaticMeshActor (Wall_400x309)
[2018.02.11-07.03.40:617][323]LogEditorViewport: Clicking on Actor (LMB): StaticMeshActor (Wall_400x308)
[2018.02.11-07.03.48:937][295]LogEditorViewport: Clicking on Actor (LMB): StaticMeshActor (Wall_400x309)
[2018.02.11-07.03.52:129][666]LogEditorViewport: Clicking on Actor (LMB): StaticMeshActor (Wall_400x308)
[2018.02.11-07.04.52:337][964]LogEditorViewport: Clicking on Actor (LMB): StaticMeshActor (Floor)
[2018.02.11-07.04.53:309][ 71]LogEditorViewport: Clicking on Actor (LMB): PointLight (PointLight)
[2018.02.11-07.05.29:062][851]Cmd: STAT FPS
[2018.02.11-07.06.31:055][922]LogEditorViewport: Clicking on Actor (LMB): PlayerStart (Player Start)
[2018.02.11-07.06.34:267][298]LogNavigationPoint: PostEditMove Clear paths rebuilt
[2018.02.11-07.08.17:022][964]LogSavePackage: Save=45.43ms
[2018.02.11-07.08.17:022][964]LogSavePackage: Moving '../../../../../../Users/kccol/Documents/Unreal Projects/Section_03/BuildingEscape/Saved/NewMap_Auto2DD527613478C538BAFBE329BFB4330F5.tmp' to '../../../../../../Users/kccol/Documents/Unreal Projects/Section_03/BuildingEscape/Saved/Autosaves/Game/NewMap_Auto2.umap'
[2018.02.11-07.08.17:026][964]LogSavePackage: Display: Finished SavePackage ../../../../../../Users/kccol/Documents/Unreal Projects/Section_03/BuildingEscape/Saved/Autosaves/Game/NewMap_Auto2.umap
[2018.02.11-07.08.17:032][964]LogFileHelpers: Editor autosave (incl. sublevels) for '/Game/NewMap' took 0.084
[2018.02.11-07.08.17:032][964]LogFileHelpers: Editor autosave (incl. sublevels) for all levels took 0.084
[2018.02.11-07.28.31:311][804]Cmd: OBJ SAVEPACKAGE PACKAGE="/Game/NewMap" FILE="../../../../../../Users/kccol/Documents/Unreal Projects/Section_03/BuildingEscape/Content/NewMap.umap" SILENT=true AUTOSAVING=false KEEPDIRTY=false
[2018.02.11-07.28.31:378][804]LogSavePackage: Save=39.72ms
[2018.02.11-07.28.31:378][804]LogSavePackage: Moving '../../../../../../Users/kccol/Documents/Unreal Projects/Section_03/BuildingEscape/Saved/NewMap1FF7DFC341B5974529FC6182765D8DEF.tmp' to '../../../../../../Users/kccol/Documents/Unreal Projects/Section_03/BuildingEscape/Content/NewMap.umap'
[2018.02.11-07.28.31:390][804]LogSavePackage: Display: Finished SavePackage ../../../../../../Users/kccol/Documents/Unreal Projects/Section_03/BuildingEscape/Content/NewMap.umap
[2018.02.11-07.28.31:467][804]LogFileHelpers: Saving map 'NewMap' took 0.219
[2018.02.11-07.28.31:725][805]Cmd: QUIT_EDITOR
[2018.02.11-07.28.31:745][805]LogWindowsTextInputMethodSystem: Display: IME system now deactivated.
[2018.02.11-07.28.31:757][805]LogExit: Preparing to exit.
[2018.02.11-07.28.32:194][805]LogDirectoryWatcher: A directory notification for 'C:/Users/kccol/Documents/Unreal Projects/Section_03/BuildingEscape/Content/' was aborted.
[2018.02.11-07.28.32:258][805]LogExit: Editor shut down
[2018.02.11-07.28.32:283][805]LogExit: Transaction tracking system shut down
[2018.02.11-07.28.32:415][805]LogDirectoryWatcher: A directory notification for '../../../Engine/Content/' was aborted.
[2018.02.11-07.28.32:415][805]LogDirectoryWatcher: A directory notification for '../../../../../../Users/kccol/Documents/Unreal Projects/Section_03/BuildingEscape/Content/' was aborted.
[2018.02.11-07.28.32:416][805]LogDirectoryWatcher: A directory notification for '../../../Engine/Plugins/2D/Paper2D/Content/' was aborted.
[2018.02.11-07.28.32:416][805]LogDirectoryWatcher: A directory notification for '../../../Engine/Plugins/Runtime/Oculus/OculusVR/Content/' was aborted.
[2018.02.11-07.28.32:416][805]LogDirectoryWatcher: A directory notification for '../../../Engine/Plugins/Runtime/Steam/SteamVR/Content/' was aborted.
[2018.02.11-07.28.32:485][805]LogExit: Object subsystem successfully closed.
[2018.02.11-07.28.32:505][805]LogD3D11RHI: Shutdown
[2018.02.11-07.28.32:505][805]LogD3D11RHI: CleanupD3DDevice
[2018.02.11-07.28.32:651][805]LogD3D11RHI: ~FD3D11DynamicRHI
[2018.02.11-07.28.32:676][805]LogModuleManager: Shutting down and abandoning module TextureEditor (536)
[2018.02.11-07.28.32:676][805]LogModuleManager: Shutting down and abandoning module MaterialEditor (534)
[2018.02.11-07.28.32:676][805]LogModuleManager: Shutting down and abandoning module HierarchicalLODOutliner (532)
[2018.02.11-07.28.32:676][805]LogModuleManager: Shutting down and abandoning module AddContentDialog (530)
[2018.02.11-07.28.32:676][805]LogDirectoryWatcher: A directory notification for 'C:/Program Files/Epic Games/UE_4.17/FeaturePacks/' was aborted.
[2018.02.11-07.28.32:679][805]LogModuleManager: Shutting down and abandoning module WidgetCarousel (529)
[2018.02.11-07.28.32:679][805]LogModuleManager: Shutting down and abandoning module EditorWidgets (526)
[2018.02.11-07.28.32:680][805]LogModuleManager: Shutting down and abandoning module CollectionManager (524)
[2018.02.11-07.28.32:680][805]LogDirectoryWatcher: A directory notification for 'C:/Users/kccol/Documents/Unreal Projects/Section_03/BuildingEscape/Content/Collections/' was aborted.
[2018.02.11-07.28.32:680][805]LogDirectoryWatcher: A directory notification for 'C:/Users/kccol/Documents/Unreal Projects/Section_03/BuildingEscape/Content/Developers/kccol/Collections/' was aborted.
[2018.02.11-07.28.32:680][805]LogDirectoryWatcher: A directory notification for 'C:/Users/kccol/Documents/Unreal Projects/Section_03/BuildingEscape/Saved/Collections/' was aborted.
[2018.02.11-07.28.32:680][805]LogModuleManager: Shutting down and abandoning module SceneOutliner (522)
[2018.02.11-07.28.32:680][805]LogModuleManager: Shutting down and abandoning module StatsViewer (520)
[2018.02.11-07.28.32:680][805]LogModuleManager: Shutting down and abandoning module FoliageEdit (518)
[2018.02.11-07.28.32:680][805]LogModuleManager: Shutting down and abandoning module LandscapeEditor (516)
[2018.02.11-07.28.32:680][805]LogModuleManager: Shutting down and abandoning module MeshPaintMode (514)
[2018.02.11-07.28.32:680][805]LogModuleManager: Shutting down and abandoning module SceneDepthPickerMode (512)
[2018.02.11-07.28.32:680][805]LogModuleManager: Shutting down and abandoning module ActorPickerMode (510)
[2018.02.11-07.28.32:680][805]LogModuleManager: Shutting down and abandoning module GeometryMode (508)
[2018.02.11-07.28.32:680][805]LogModuleManager: Shutting down and abandoning module TextureAlignMode (506)
[2018.02.11-07.28.32:680][805]LogModuleManager: Shutting down and abandoning module BspMode (504)
[2018.02.11-07.28.32:680][805]LogModuleManager: Shutting down and abandoning module PIEPreviewDeviceProfileSelector (502)
[2018.02.11-07.28.32:680][805]LogModuleManager: Shutting down and abandoning module HardwareSurvey (500)
[2018.02.11-07.28.32:680][805]LogModuleManager: Shutting down and abandoning module SequenceRecorderSections (498)
[2018.02.11-07.28.32:680][805]LogModuleManager: Shutting down and abandoning module AutomationWorker (496)
[2018.02.11-07.28.32:680][805]LogModuleManager: Shutting down and abandoning module MatineeToLevelSequence (494)
[2018.02.11-07.28.32:680][805]LogModuleManager: Shutting down and abandoning module LevelSequenceEditor (492)
[2018.02.11-07.28.32:680][805]LogModuleManager: Shutting down and abandoning module PlacementMode (491)
[2018.02.11-07.28.32:680][805]LogModuleManager: Shutting down and abandoning module WmfMediaFactory (488)
[2018.02.11-07.28.32:680][805]LogModuleManager: Shutting down and abandoning module WmfMediaEditor (486)
[2018.02.11-07.28.32:680][805]LogModuleManager: Shutting down and abandoning module AvfMediaFactory (484)
[2018.02.11-07.28.32:680][805]LogModuleManager: Shutting down and abandoning module AvfMediaEditor (482)
[2018.02.11-07.28.32:680][805]LogModuleManager: Shutting down and abandoning module AndroidMediaFactory (480)
[2018.02.11-07.28.32:680][805]LogModuleManager: Shutting down and abandoning module Media (479)
[2018.02.11-07.28.32:680][805]LogModuleManager: Shutting down and abandoning module AndroidMediaEditor (476)
[2018.02.11-07.28.32:680][805]LogModuleManager: Shutting down and abandoning module CharacterAI (474)
[2018.02.11-07.28.32:680][805]LogModuleManager: Shutting down and abandoning module AudioCapture (472)
[2018.02.11-07.28.32:680][805]LogModuleManager: Shutting down and abandoning module SequenceRecorder (471)
[2018.02.11-07.28.32:680][805]LogModuleManager: Shutting down and abandoning module SmartSnapping (468)
[2018.02.11-07.28.32:680][805]LogModuleManager: Shutting down and abandoning module SessionServices (466)
[2018.02.11-07.28.32:680][805]LogModuleManager: Shutting down and abandoning module ViewportSnapping (464)
[2018.02.11-07.28.32:680][805]LogModuleManager: Shutting down and abandoning module ViewportInteraction (462)
[2018.02.11-07.28.32:680][805]LogModuleManager: Shutting down and abandoning module ClothPainter (460)
[2018.02.11-07.28.32:681][805]LogModuleManager: Shutting down and abandoning module LogVisualizer (458)
[2018.02.11-07.28.32:681][805]LogModuleManager: Shutting down and abandoning module IntroTutorials (456)
[2018.02.11-07.28.32:681][805]LogModuleManager: Shutting down and abandoning module GameProjectGeneration (455)
[2018.02.11-07.28.32:681][805]LogModuleManager: Shutting down and abandoning module IOSPlatformEditor (452)
[2018.02.11-07.28.32:681][805]LogModuleManager: Shutting down and abandoning module HTML5PlatformEditor (450)
[2018.02.11-07.28.32:681][805]LogModuleManager: Shutting down and abandoning module AndroidPlatformEditor (448)
[2018.02.11-07.28.32:681][805]LogModuleManager: Shutting down and abandoning module AndroidDeviceDetection (447)
[2018.02.11-07.28.33:144][805]LogModuleManager: Shutting down and abandoning module WindowsPlatformEditor (444)
[2018.02.11-07.28.33:144][805]LogModuleManager: Shutting down and abandoning module IOSRuntimeSettings (442)
[2018.02.11-07.28.33:144][805]LogModuleManager: Shutting down and abandoning module AndroidRuntimeSettings (440)
[2018.02.11-07.28.33:144][805]LogModuleManager: Shutting down and abandoning module InputBindingEditor (438)
[2018.02.11-07.28.33:144][805]LogModuleManager: Shutting down and abandoning module MergeActors (436)
[2018.02.11-07.28.33:144][805]LogModuleManager: Shutting down and abandoning module SizeMap (434)
[2018.02.11-07.28.33:144][805]LogModuleManager: Shutting down and abandoning module TreeMap (432)
[2018.02.11-07.28.33:144][805]LogModuleManager: Shutting down and abandoning module ReferenceViewer (430)
[2018.02.11-07.28.33:144][805]LogModuleManager: Shutting down and abandoning module LocalizationDashboard (428)
[2018.02.11-07.28.33:144][805]LogModuleManager: Shutting down and abandoning module LocalizationService (427)
[2018.02.11-07.28.33:144][805]LogModuleManager: Shutting down and abandoning module HardwareTargeting (424)
[2018.02.11-07.28.33:144][805]LogModuleManager: Shutting down and abandoning module DeviceProfileEditor (422)
[2018.02.11-07.28.33:144][805]LogModuleManager: Shutting down and abandoning module UndoHistory (420)
[2018.02.11-07.28.33:144][805]LogModuleManager: Shutting down and abandoning module XmlParser (418)
[2018.02.11-07.28.33:144][805]LogModuleManager: Shutting down and abandoning module Blutility (416)
[2018.02.11-07.28.33:144][805]LogModuleManager: Shutting down and abandoning module ProjectSettingsViewer (414)
[2018.02.11-07.28.33:144][805]LogModuleManager: Shutting down and abandoning module ProjectTargetPlatformEditor (413)
[2018.02.11-07.28.33:144][805]LogModuleManager: Shutting down and abandoning module EditorSettingsViewer (410)
[2018.02.11-07.28.33:144][805]LogModuleManager: Shutting down and abandoning module SettingsEditor (408)
[2018.02.11-07.28.33:144][805]LogModuleManager: Shutting down and abandoning module ProjectLauncher (406)
[2018.02.11-07.28.33:144][805]LogModuleManager: Shutting down and abandoning module SessionFrontend (404)
[2018.02.11-07.28.33:144][805]LogModuleManager: Shutting down and abandoning module ProfilerClient (402)
[2018.02.11-07.28.33:145][805]LogModuleManager: Shutting down and abandoning module DeviceManager (400)
[2018.02.11-07.28.33:145][805]LogModuleManager: Shutting down and abandoning module TargetDeviceServices (399)
[2018.02.11-07.28.33:198][805]LogModuleManager: Shutting down and abandoning module AutomationController (396)
[2018.02.11-07.28.33:198][805]LogModuleManager: Shutting down and abandoning module AutomationWindow (394)
[2018.02.11-07.28.33:198][805]LogModuleManager: Shutting down and abandoning module Layers (392)
[2018.02.11-07.28.33:198][805]LogModuleManager: Shutting down and abandoning module ComponentVisualizers (390)
[2018.02.11-07.28.33:198][805]LogModuleManager: Shutting down and abandoning module DetailCustomizations (388)
[2018.02.11-07.28.33:198][805]LogModuleManager: Shutting down and abandoning module PackagesDialog (386)
[2018.02.11-07.28.33:198][805]LogModuleManager: Shutting down and abandoning module Persona (384)
[2018.02.11-07.28.33:198][805]LogModuleManager: Shutting down and abandoning module AdvancedPreviewScene (383)
[2018.02.11-07.28.33:198][805]LogModuleManager: Shutting down and abandoning module AnimGraph (381)
[2018.02.11-07.28.33:198][805]LogModuleManager: Shutting down and abandoning module Kismet (378)
[2018.02.11-07.28.33:198][805]LogModuleManager: Shutting down and abandoning module ClassViewer (376)
[2018.02.11-07.28.33:198][805]LogModuleManager: Shutting down and abandoning module Toolbox (374)
[2018.02.11-07.28.33:198][805]LogModuleManager: Shutting down and abandoning module ModuleUI (372)
[2018.02.11-07.28.33:198][805]LogModuleManager: Shutting down and abandoning module MovieSceneTools (370)
[2018.02.11-07.28.33:198][805]LogModuleManager: Shutting down and abandoning module OutputLog (368)
[2018.02.11-07.28.33:198][805]LogModuleManager: Shutting down and abandoning module GammaUI (366)
[2018.02.11-07.28.33:198][805]LogModuleManager: Shutting down and abandoning module Documentation (364)
[2018.02.11-07.28.33:198][805]LogModuleManager: Shutting down and abandoning module MovieSceneTracks (362)
[2018.02.11-07.28.33:198][805]LogModuleManager: Shutting down and abandoning module MovieScene (360)
[2018.02.11-07.28.33:198][805]LogModuleManager: Shutting down and abandoning module Niagara (358)
[2018.02.11-07.28.33:198][805]LogModuleManager: Shutting down and abandoning module NiagaraEditor (357)
[2018.02.11-07.28.33:199][805]LogModuleManager: Shutting down and abandoning module StreamingPauseRendering (354)
[2018.02.11-07.28.33:199][805]LogModuleManager: Shutting down and abandoning module LauncherPlatform (352)
[2018.02.11-07.28.33:199][805]LogModuleManager: Shutting down and abandoning module AnalyticsET (350)
[2018.02.11-07.28.33:199][805]LogModuleManager: Shutting down and abandoning module PortalServices (348)
[2018.02.11-07.28.33:199][805]LogModuleManager: Shutting down and abandoning module PortalRpc (346)
[2018.02.11-07.28.33:199][805]LogModuleManager: Shutting down and abandoning module MessagingRpc (344)
[2018.02.11-07.28.33:199][805]LogModuleManager: Shutting down and abandoning module AIModule (342)
[2018.02.11-07.28.33:199][805]LogModuleManager: Shutting down and abandoning module GameplayDebugger (341)
[2018.02.11-07.28.33:199][805]LogModuleManager: Shutting down and abandoning module AITestSuite (339)
[2018.02.11-07.28.33:199][805]LogModuleManager: Shutting down and abandoning module ProfilerService (336)
[2018.02.11-07.28.33:375][805]LogModuleManager: Shutting down and abandoning module TaskGraph (334)
[2018.02.11-07.28.33:375][805]LogModuleManager: Shutting down and abandoning module SteamVRController (332)
[2018.02.11-07.28.33:375][805]LogModuleManager: Shutting down and abandoning module ProceduralMeshComponentEditor (330)
[2018.02.11-07.28.33:376][805]LogModuleManager: Shutting down and abandoning module ProceduralMeshComponent (328)
[2018.02.11-07.28.33:376][805]LogModuleManager: Shutting down and abandoning module OculusInput (326)
[2018.02.11-07.28.33:376][805]LogModuleManager: Shutting down and abandoning module MobilePatchingUtils (324)
[2018.02.11-07.28.33:376][805]LogModuleManager: Shutting down and abandoning module CustomMeshComponent (322)
[2018.02.11-07.28.33:376][805]LogModuleManager: Shutting down and abandoning module CableComponent (320)
[2018.02.11-07.28.33:376][805]LogModuleManager: Shutting down and abandoning module ArchVisCharacter (318)
[2018.02.11-07.28.33:376][805]LogModuleManager: Shutting down and abandoning module AndroidPermission (316)
[2018.02.11-07.28.33:376][805]LogModuleManager: Shutting down and abandoning module MediaPlayerEditor (312)
[2018.02.11-07.28.33:376][805]LogModuleManager: Shutting down and abandoning module HTML5Networking (310)
[2018.02.11-07.28.33:376][805]LogModuleManager: Shutting down and abandoning module AlembicImporter (308)
[2018.02.11-07.28.33:376][805]LogModuleManager: Shutting down and abandoning module AlembicLibrary (307)
[2018.02.11-07.28.33:376][805]LogModuleManager: Shutting down and abandoning module GeometryCache (306)
[2018.02.11-07.28.33:376][805]LogModuleManager: Shutting down and abandoning module GeometryCacheEd (305)
[2018.02.11-07.28.33:376][805]LogModuleManager: Shutting down and abandoning module SpeedTreeImporter (300)
[2018.02.11-07.28.33:376][805]LogModuleManager: Shutting down and abandoning module PluginBrowser (298)
[2018.02.11-07.28.33:376][805]LogModuleManager: Shutting down and abandoning module MobileLauncherProfileWizard (296)
[2018.02.11-07.28.33:376][805]LogModuleManager: Shutting down and abandoning module VisualStudioSourceCodeAccess (294)
[2018.02.11-07.28.33:376][805]LogModuleManager: Shutting down and abandoning module DesktopPlatform (293)
[2018.02.11-07.28.33:376][805]LogModuleManager: Shutting down and abandoning module UObjectPlugin (290)
[2018.02.11-07.28.33:376][805]LogModuleManager: Shutting down and abandoning module SubversionSourceControl (288)
[2018.02.11-07.28.33:376][805]LogModuleManager: Shutting down and abandoning module PerforceSourceControl (286)
[2018.02.11-07.28.33:376][805]LogModuleManager: Shutting down and abandoning module GitSourceControl (284)
[2018.02.11-07.28.33:376][805]LogModuleManager: Shutting down and abandoning module SourceControl (283)
[2018.02.11-07.28.33:376][805]LogModuleManager: Shutting down and abandoning module LightPropagationVolumeEditor (280)
[2018.02.11-07.28.33:376][805]LogModuleManager: Shutting down and abandoning module PaperTiledImporter (278)
[2018.02.11-07.28.33:376][805]LogModuleManager: Shutting down and abandoning module PaperSpriteSheetImporter (276)
[2018.02.11-07.28.33:376][805]LogModuleManager: Shutting down and abandoning module Paper2DEditor (274)
[2018.02.11-07.28.33:376][805]LogModuleManager: Shutting down and abandoning module MeshPaint (273)
[2018.02.11-07.28.33:376][805]LogModuleManager: Shutting down and abandoning module LevelEditor (271)
[2018.02.11-07.28.33:377][805]LogModuleManager: Shutting down and abandoning module PixelInspectorModule (270)
[2018.02.11-07.28.33:377][805]LogModuleManager: Shutting down and abandoning module MainFrame (268)
[2018.02.11-07.28.33:377][805]LogModuleManager: Shutting down and abandoning module HotReload (267)
[2018.02.11-07.28.33:377][805]LogDirectoryWatcher: A directory notification for 'C:/Users/kccol/Documents/Unreal Projects/Section_03/BuildingEscape/Binaries/Win64' was aborted.
[2018.02.11-07.28.33:378][805]LogModuleManager: Shutting down and abandoning module BuildingEscape (262)
[2018.02.11-07.28.33:378][805]LogModuleManager: Shutting down and abandoning module RuntimePhysXCooking (260)
[2018.02.11-07.28.33:378][805]LogModuleManager: Shutting down and abandoning module PhysXVehiclesEditor (258)
[2018.02.11-07.28.33:378][805]LogModuleManager: Shutting down and abandoning module PhysXVehicles (256)
[2018.02.11-07.28.33:378][805]LogModuleManager: Shutting down and abandoning module OculusEditor (254)
[2018.02.11-07.28.33:378][805]LogModuleManager: Shutting down and abandoning module LocationServicesBPLibrary (252)
[2018.02.11-07.28.33:378][805]LogModuleManager: Shutting down and abandoning module ImmediatePhysicsEditor (250)
[2018.02.11-07.28.33:378][805]LogModuleManager: Shutting down and abandoning module ImmediatePhysics (248)
[2018.02.11-07.28.33:378][805]LogModuleManager: Shutting down and abandoning module UdpMessaging (246)
[2018.02.11-07.28.33:478][805]LogModuleManager: Shutting down and abandoning module TcpMessaging (244)
[2018.02.11-07.28.33:579][805]LogModuleManager: Shutting down and abandoning module GameplayTagsEditor (242)
[2018.02.11-07.28.33:579][805]LogModuleManager: Shutting down and abandoning module FacialAnimationEditor (240)
[2018.02.11-07.28.33:579][805]LogModuleManager: Shutting down and abandoning module FacialAnimation (238)
[2018.02.11-07.28.33:579][805]LogModuleManager: Shutting down and abandoning module AssetManagerEditor (236)
[2018.02.11-07.28.33:579][805]LogModuleManager: Shutting down and abandoning module GraphEditor (235)
[2018.02.11-07.28.33:579][805]LogModuleManager: Shutting down and abandoning module ContentBrowser (233)
[2018.02.11-07.28.33:579][805]LogModuleManager: Shutting down and abandoning module LightPropagationVolumeRuntime (230)
[2018.02.11-07.28.33:580][805]LogModuleManager: Shutting down and abandoning module Paper2D (228)
[2018.02.11-07.28.33:580][805]LogModuleManager: Shutting down and abandoning module WindowsMoviePlayer (226)
[2018.02.11-07.28.33:580][805]LogModuleManager: Shutting down and abandoning module WmfMedia (224)
[2018.02.11-07.28.33:581][805]LogModuleManager: Shutting down and abandoning module PacketHandler (222)
[2018.02.11-07.28.33:581][805]LogModuleManager: Shutting down and abandoning module ClothingSystemEditor (220)
[2018.02.11-07.28.33:581][805]LogModuleManager: Shutting down and abandoning module ClothingSystemRuntime (218)
[2018.02.11-07.28.33:581][805]LogModuleManager: Shutting down and abandoning module Overlay (216)
[2018.02.11-07.28.33:581][805]LogModuleManager: Shutting down and abandoning module OverlayEditor (215)
[2018.02.11-07.28.33:581][805]LogModuleManager: Shutting down and abandoning module MediaAssets (212)
[2018.02.11-07.28.33:581][805]LogModuleManager: Shutting down and abandoning module VREditor (210)
[2018.02.11-07.28.33:581][805]LogModuleManager: Shutting down and abandoning module StringTableEditor (208)
[2018.02.11-07.28.33:581][805]LogModuleManager: Shutting down and abandoning module GameplayTasksEditor (206)
[2018.02.11-07.28.33:581][805]LogModuleManager: Shutting down and abandoning module BehaviorTreeEditor (204)
[2018.02.11-07.28.33:581][805]LogModuleManager: Shutting down and abandoning module FunctionalTesting (202)
[2018.02.11-07.28.33:581][805]LogModuleManager: Shutting down and abandoning module CollisionAnalyzer (200)
[2018.02.11-07.28.33:581][805]LogModuleManager: Shutting down and abandoning module WorkspaceMenuStructure (199)
[2018.02.11-07.28.33:581][805]LogModuleManager: Shutting down and abandoning module UMG (196)
[2018.02.11-07.28.33:581][805]LogModuleManager: Shutting down and abandoning module UMGEditor (195)
[2018.02.11-07.28.33:582][805]LogModuleManager: Shutting down and abandoning module Sequencer (194)
[2018.02.11-07.28.33:582][805]LogModuleManager: Shutting down and abandoning module MessageLog (191)
[2018.02.11-07.28.33:582][805]LogModuleManager: Shutting down and abandoning module SlateReflector (186)
[2018.02.11-07.28.33:582][805]LogModuleManager: Shutting down and abandoning module Slate (184)
[2018.02.11-07.28.33:582][805]LogModuleManager: Shutting down and abandoning module EditorStyle (182)
[2018.02.11-07.28.33:585][805]LogModuleManager: Shutting down and abandoning module MRMesh (180)
[2018.02.11-07.28.33:585][805]LogModuleManager: Shutting down and abandoning module SourceCodeAccess (178)
[2018.02.11-07.28.33:585][805]LogModuleManager: Shutting down and abandoning module HeadMountedDisplay (176)
[2018.02.11-07.28.33:585][805]LogModuleManager: Shutting down and abandoning module XAudio2 (174)
[2018.02.11-07.28.33:585][805]LogModuleManager: Shutting down and abandoning module Networking (172)
[2018.02.11-07.28.33:585][805]LogModuleManager: Shutting down and abandoning module Core (168)
[2018.02.11-07.28.33:585][805]LogModuleManager: Shutting down and abandoning module KismetCompiler (164)
[2018.02.11-07.28.33:585][805]LogModuleManager: Shutting down and abandoning module LevelSequence (162)
[2018.02.11-07.28.33:585][805]LogModuleManager: Shutting down and abandoning module MeshUtilities (160)
[2018.02.11-07.28.33:585][805]LogModuleManager: Shutting down and abandoning module MeshMergeUtilities (159)
[2018.02.11-07.28.33:585][805]LogModuleManager: Shutting down and abandoning module MeshReductionInterface (158)
[2018.02.11-07.28.33:585][805]LogModuleManager: Shutting down and abandoning module SimplygonSwarm (157)
[2018.02.11-07.28.33:585][805]LogModuleManager: Shutting down and abandoning module SimplygonMeshReduction (155)
[2018.02.11-07.28.33:585][805]LogModuleManager: Shutting down and abandoning module QuadricMeshReduction (153)
[2018.02.11-07.28.33:585][805]LogModuleManager: Shutting down and abandoning module MaterialBaking (149)
[2018.02.11-07.28.33:585][805]LogModuleManager: Shutting down and abandoning module DirectoryWatcher (146)
[2018.02.11-07.28.33:588][805]LogModuleManager: Shutting down and abandoning module DerivedDataCache (144)
[2018.02.11-07.28.33:648][805]LogDerivedDataCache: Shutdown
[2018.02.11-07.28.33:648][805]LogModuleManager: Shutting down and abandoning module TargetPlatform (142)
[2018.02.11-07.28.33:648][805]LogModuleManager: Shutting down and abandoning module VulkanShaderFormat (141)
[2018.02.11-07.28.33:648][805]LogModuleManager: Shutting down and abandoning module ShaderFormatVectorVM (139)
[2018.02.11-07.28.33:648][805]LogModuleManager: Shutting down and abandoning module ShaderFormatOpenGL (137)
[2018.02.11-07.28.33:648][805]LogModuleManager: Shutting down and abandoning module ShaderFormatD3D (135)
[2018.02.11-07.28.33:648][805]LogModuleManager: Shutting down and abandoning module MetalShaderFormat (133)
[2018.02.11-07.28.33:648][805]LogModuleManager: Shutting down and abandoning module TextureFormatUncompressed (131)
[2018.02.11-07.28.33:648][805]LogModuleManager: Shutting down and abandoning module TextureFormatPVR (129)
[2018.02.11-07.28.33:648][805]LogModuleManager: Shutting down and abandoning module TextureFormatDXT (127)
[2018.02.11-07.28.33:648][805]LogModuleManager: Shutting down and abandoning module TextureFormatIntelISPCTexComp (125)
[2018.02.11-07.28.33:648][805]LogModuleManager: Shutting down and abandoning module TextureFormatASTC (123)
[2018.02.11-07.28.33:648][805]LogModuleManager: Shutting down and abandoning module ImageWrapper (122)
[2018.02.11-07.28.33:648][805]LogModuleManager: Shutting down and abandoning module TextureFormatAndroid (119)
[2018.02.11-07.28.33:648][805]LogModuleManager: Shutting down and abandoning module AudioFormatOpus (117)
[2018.02.11-07.28.33:648][805]LogModuleManager: Shutting down and abandoning module AudioFormatOgg (115)
[2018.02.11-07.28.33:648][805]LogModuleManager: Shutting down and abandoning module AudioFormatADPCM (113)
[2018.02.11-07.28.33:648][805]LogModuleManager: Shutting down and abandoning module LinuxTargetPlatform (111)
[2018.02.11-07.28.33:648][805]LogModuleManager: Shutting down and abandoning module LinuxServerTargetPlatform (109)
[2018.02.11-07.28.33:648][805]LogModuleManager: Shutting down and abandoning module LinuxNoEditorTargetPlatform (107)
[2018.02.11-07.28.33:648][805]LogModuleManager: Shutting down and abandoning module LinuxClientTargetPlatform (105)
[2018.02.11-07.28.33:648][805]LogModuleManager: Shutting down and abandoning module TVOSTargetPlatform (103)
[2018.02.11-07.28.33:648][805]LogModuleManager: Shutting down and abandoning module Messaging (101)
[2018.02.11-07.28.33:648][805]LogModuleManager: Shutting down and abandoning module IOSTargetPlatform (99)
[2018.02.11-07.28.33:648][805]LogModuleManager: Shutting down and abandoning module HTML5TargetPlatform (97)
[2018.02.11-07.28.33:648][805]LogModuleManager: Shutting down and abandoning module Android_PVRTCTargetPlatform (95)
[2018.02.11-07.28.33:648][805]LogModuleManager: Shutting down and abandoning module Android_MultiTargetPlatform (93)
[2018.02.11-07.28.33:649][805]LogModuleManager: Shutting down and abandoning module Android_ETC2TargetPlatform (91)
[2018.02.11-07.28.33:649][805]LogModuleManager: Shutting down and abandoning module Android_ETC1TargetPlatform (89)
[2018.02.11-07.28.33:649][805]LogModuleManager: Shutting down and abandoning module Android_DXTTargetPlatform (87)
[2018.02.11-07.28.33:649][805]LogModuleManager: Shutting down and abandoning module Android_ATCTargetPlatform (85)
[2018.02.11-07.28.33:649][805]LogModuleManager: Shutting down and abandoning module Android_ASTCTargetPlatform (83)
[2018.02.11-07.28.33:649][805]LogModuleManager: Shutting down and abandoning module AndroidTargetPlatform (81)
[2018.02.11-07.28.33:649][805]LogModuleManager: Shutting down and abandoning module WindowsTargetPlatform (79)
[2018.02.11-07.28.33:649][805]LogModuleManager: Shutting down and abandoning module WindowsServerTargetPlatform (77)
[2018.02.11-07.28.33:649][805]LogModuleManager: Shutting down and abandoning module WindowsNoEditorTargetPlatform (75)
[2018.02.11-07.28.33:649][805]LogModuleManager: Shutting down and abandoning module WindowsClientTargetPlatform (73)
[2018.02.11-07.28.33:649][805]LogModuleManager: Shutting down and abandoning module MacTargetPlatform (71)
[2018.02.11-07.28.33:649][805]LogModuleManager: Shutting down and abandoning module MacServerTargetPlatform (69)
[2018.02.11-07.28.33:649][805]LogModuleManager: Shutting down and abandoning module MacNoEditorTargetPlatform (67)
[2018.02.11-07.28.33:649][805]LogModuleManager: Shutting down and abandoning module MacClientTargetPlatform (65)
[2018.02.11-07.28.33:649][805]LogModuleManager: Shutting down and abandoning module AllDesktopTargetPlatform (63)
[2018.02.11-07.28.33:649][805]LogModuleManager: Shutting down and abandoning module InputCore (60)
[2018.02.11-07.28.33:649][805]LogModuleManager: Shutting down and abandoning module Settings (58)
[2018.02.11-07.28.33:649][805]LogModuleManager: Shutting down and abandoning module PhysXCooking (56)
[2018.02.11-07.28.33:649][805]LogModuleManager: Shutting down and abandoning module SteamVR (54)
[2018.02.11-07.28.33:649][805]LogModuleManager: Shutting down and abandoning module OculusHMD (52)
[2018.02.11-07.28.33:649][805]LogModuleManager: Shutting down and abandoning module ExampleDeviceProfileSelector (50)
[2018.02.11-07.28.33:649][805]LogModuleManager: Shutting down and abandoning module OnlineBlueprintSupport (48)
[2018.02.11-07.28.33:649][805]LogModuleManager: Shutting down and abandoning module OnlineSubsystem (44)
[2018.02.11-07.28.33:649][805]LogOnline: Display: Unloading online subsystem: NULL
[2018.02.11-07.28.33:649][805]LogModuleManager: Shutting down and abandoning module XMPP (43)
[2018.02.11-07.28.33:649][805]LogModuleManager: Shutting down and abandoning module HTTP (41)
[2018.02.11-07.28.33:649][805]LogHttp: Display: Http module shutting down, but needs to wait on 1 outstanding Http requests:
[2018.02.11-07.28.33:649][805]LogHttp: Display: 	verb=[POST] url=[https://datarouter.ol.epicgames.com/datarouter/api/v1/public/data?SessionID=%7BB665E886-4FF7-9CD9-4398-85A4AE90B924%7D&AppID=UEEditor.Rocket.Release&AppVersion=4.17.2-3658906%2B%2B%2BUE4%2BRelease-4.17&UserID=229d13c844e5a8f6983764945e04fea6%7C4e0f348762964597bdabddeb44b85e69%7Cc00a8804-32dc-4a07-aa35-ad94c4324c6f&AppEnvironment=datacollector-binary&UploadType=eteventstream] status=Processing
[2018.02.11-07.28.33:682][805]LogModuleManager: Shutting down and abandoning module SSL (40)
[2018.02.11-07.28.33:683][805]LogModuleManager: Shutting down and abandoning module AnimationModifiers (36)
[2018.02.11-07.28.33:683][805]LogModuleManager: Shutting down and abandoning module PropertyEditor (35)
[2018.02.11-07.28.33:683][805]LogModuleManager: Shutting down and abandoning module AudioEditor (32)
[2018.02.11-07.28.33:683][805]LogModuleManager: Shutting down and abandoning module TextureCompressor (30)
[2018.02.11-07.28.33:683][805]LogModuleManager: Shutting down and abandoning module ShaderCore (28)
[2018.02.11-07.28.33:683][805]LogModuleManager: Shutting down and abandoning module Landscape (26)
[2018.02.11-07.28.33:683][805]LogModuleManager: Shutting down and abandoning module SlateRHIRenderer (24)
[2018.02.11-07.28.33:685][805]LogModuleManager: Shutting down and abandoning module OpenGLDrv (22)
[2018.02.11-07.28.33:685][805]LogModuleManager: Shutting down and abandoning module D3D11RHI (20)
[2018.02.11-07.28.33:685][805]LogModuleManager: Shutting down and abandoning module AnimGraphRuntime (18)
[2018.02.11-07.28.33:685][805]LogModuleManager: Shutting down and abandoning module Renderer (16)
[2018.02.11-07.28.33:685][805]LogModuleManager: Shutting down and abandoning module Engine (14)
[2018.02.11-07.28.33:685][805]LogModuleManager: Shutting down and abandoning module CoreUObject (12)
[2018.02.11-07.28.33:685][805]LogModuleManager: Shutting down and abandoning module NetworkFile (10)
[2018.02.11-07.28.33:685][805]LogModuleManager: Shutting down and abandoning module CookedIterativeFile (8)
[2018.02.11-07.28.33:685][805]LogModuleManager: Shutting down and abandoning module StreamingFile (6)
[2018.02.11-07.28.33:685][805]LogModuleManager: Shutting down and abandoning module SandboxFile (4)
[2018.02.11-07.28.33:685][805]LogModuleManager: Shutting down and abandoning module PakFile (2)
[2018.02.11-07.28.33:688][805]LogExit: Exiting.
[2018.02.11-07.28.33:702][805]Log file closed, 02/11/18 02:28:33
